[debug] [2022-09-26T16:50:22.888Z] ----------------------------------------------------------------------
[debug] [2022-09-26T16:50:22.890Z] Command:       C:\Program Files\nodejs\node.exe C:\Users\mirza\AppData\Roaming\npm\node_modules\firebase-tools\lib\bin\firebase.js init
[debug] [2022-09-26T16:50:22.891Z] CLI Version:   11.9.0
[debug] [2022-09-26T16:50:22.892Z] Platform:      win32
[debug] [2022-09-26T16:50:22.892Z] Node Version:  v16.17.0
[debug] [2022-09-26T16:50:22.901Z] Time:          Mon Sep 26 2022 19:50:22 GMT+0300 (Eastern European Summer Time)
[debug] [2022-09-26T16:50:22.901Z] ----------------------------------------------------------------------
[debug] 
[debug] [2022-09-26T16:50:22.906Z] >>> [apiv2][query] GET https://firebase-public.firebaseio.com/cli.json [none]
[debug] [2022-09-26T16:50:22.943Z] > command requires scopes: ["email","openid","https://www.googleapis.com/auth/cloudplatformprojects.readonly","https://www.googleapis.com/auth/firebase","https://www.googleapis.com/auth/cloud-platform"]
[debug] [2022-09-26T16:50:22.944Z] > authorizing via signed-in user (zohaib.b@gmail.com)
[info] 
     ######## #### ########  ######## ########     ###     ######  ########
     ##        ##  ##     ## ##       ##     ##  ##   ##  ##       ##
     ######    ##  ########  ######   ########  #########  ######  ######
     ##        ##  ##    ##  ##       ##     ## ##     ##       ## ##
     ##       #### ##     ## ######## ########  ##     ##  ######  ########

You're about to initialize a Firebase project in this directory:

  D:\Front End Projects\myproject\gmail-clone

[debug] [2022-09-26T16:50:23.332Z] <<< [apiv2][status] GET https://firebase-public.firebaseio.com/cli.json 200
[debug] [2022-09-26T16:50:23.332Z] <<< [apiv2][body] GET https://firebase-public.firebaseio.com/cli.json {"cloudBuildErrorAfter":1594252800000,"cloudBuildWarnAfter":1590019200000,"defaultNode10After":1594252800000,"minVersion":"3.0.5","node8DeploysDisabledAfter":1613390400000,"node8RuntimeDisabledAfter":1615809600000,"node8WarnAfter":1600128000000}
